<?xml version="1.0" encoding="UTF-8"?>
<!-- Generated by org.testng.reporters.JUnitReportReporter -->
<testsuite hostname="LAPTOP-9NAQOFVC" failures="0" tests="1" name="testcases.AddingProductToCart" time="6.764" errors="0" timestamp="2024-04-30T07:27:56 IST" skipped="0">
  <testcase classname="testcases.AddingProductToCart" name="AddingNewProductToCart" time="6.764"/>
  <system-out/>
</testsuite> <!-- testcases.AddingProductToCart -->
