<?xml version="1.0" encoding="UTF-8"?>
<!-- Generated by org.testng.reporters.JUnitReportReporter -->
<testsuite hostname="LAPTOP-9NAQOFVC" failures="0" tests="2" name="testcases.VerifyLoginTestCases" time="12.234" errors="0" timestamp="2024-04-27T23:41:10 IST" skipped="0">
  <testcase classname="testcases.VerifyLoginTestCases" name="verifyRegistrationWithValidData" time="5.988"/>
  <system-out/>
  <testcase classname="testcases.VerifyLoginTestCases" name="verifyRegistrationWithInvalidData" time="6.246"/>
  <system-out/>
</testsuite> <!-- testcases.VerifyLoginTestCases -->
