<?xml version="1.0" encoding="UTF-8"?>
<!-- Generated by org.testng.reporters.JUnitReportReporter -->
<testsuite hostname="LAPTOP-9NAQOFVC" failures="0" tests="2" name="testcases.VerifyRegistrationTestCases" time="15.226" errors="0" timestamp="2024-04-27T23:39:20 IST" skipped="0">
  <testcase classname="testcases.VerifyRegistrationTestCases" name="verifyRegistrationWithInvalidData" time="5.376"/>
  <system-out/>
  <testcase classname="testcases.VerifyRegistrationTestCases" name="verifyRegistrationWithValidData" time="9.850"/>
  <system-out/>
</testsuite> <!-- testcases.VerifyRegistrationTestCases -->
