<?xml version="1.0" encoding="UTF-8"?>
<!-- Generated by org.testng.reporters.JUnitReportReporter -->
<testsuite hostname="LAPTOP-9NAQOFVC" failures="0" tests="2" name="testcases.VerifyRegistrationTestCases" time="14.203" errors="0" timestamp="2024-04-30T07:07:33 IST" skipped="0">
  <testcase classname="testcases.VerifyRegistrationTestCases" name="verifyRegistrationWithValidData" time="6.214"/>
  <system-out/>
  <testcase classname="testcases.VerifyRegistrationTestCases" name="verifyRegistrationWithInvalidData" time="7.989"/>
  <system-out/>
</testsuite> <!-- testcases.VerifyRegistrationTestCases -->
