<?xml version="1.0" encoding="UTF-8"?>
<!-- Generated by org.testng.reporters.JUnitReportReporter -->
<testsuite hostname="LAPTOP-9NAQOFVC" failures="0" tests="2" name="testcases.VerifyLoginTestCases" time="11.404" errors="0" timestamp="2024-04-30T07:08:51 IST" skipped="0">
  <testcase classname="testcases.VerifyLoginTestCases" name="verifyRegistrationWithValidData" time="5.372"/>
  <system-out/>
  <testcase classname="testcases.VerifyLoginTestCases" name="verifyRegistrationWithInvalidData" time="6.032"/>
  <system-out/>
</testsuite> <!-- testcases.VerifyLoginTestCases -->
